2024-07-11 14:11:22,351 - WARNING - Invalid input: could not convert string to float: ''
2024-07-11 14:11:32,876 - ERROR - Error sending values to FPGA: Wrong number or type of arguments for overloaded function 'okCFrontPanel_SetWireInValue'.
  Possible C/C++ prototypes are:
    OpalKellyLegacy::okCFrontPanel::SetWireInValue(int,UINT32,UINT32)
    OpalKellyLegacy::okCFrontPanel::SetWireInValue(int,UINT32)

2024-07-11 14:34:20,818 - INFO - Values sent to FPGA successfully.
2024-07-11 14:36:47,493 - WARNING - Invalid input: could not convert string to float: ''
2024-07-11 14:36:55,970 - INFO - Values sent to FPGA successfully.
2024-07-11 14:37:51,600 - INFO - Values sent to FPGA successfully.
2024-07-11 14:45:43,326 - INFO - Values sent to FPGA successfully.
2024-07-11 14:49:48,880 - INFO - Values sent to FPGA successfully.
2024-07-11 14:49:56,955 - INFO - Values sent to FPGA successfully.
2024-07-11 14:50:41,434 - INFO - Values sent to FPGA successfully.
2024-07-11 14:51:23,109 - ERROR - Error sending values to FPGA: Wrong number or type of arguments for overloaded function 'okCFrontPanel_SetWireInValue'.
  Possible C/C++ prototypes are:
    OpalKellyLegacy::okCFrontPanel::SetWireInValue(int,UINT32,UINT32)
    OpalKellyLegacy::okCFrontPanel::SetWireInValue(int,UINT32)

2024-07-11 14:52:31,148 - INFO - Values sent to FPGA successfully.
2024-07-11 14:53:17,350 - INFO - Values sent to FPGA successfully.
2024-07-11 14:53:48,805 - INFO - Values sent to FPGA successfully.
2024-07-11 14:55:17,132 - INFO - Values sent to FPGA successfully.
2024-07-11 14:55:33,680 - INFO - Values sent to FPGA successfully.
2024-07-11 14:58:12,179 - INFO - Values sent to FPGA successfully.
2024-07-11 14:59:53,678 - INFO - Values sent to FPGA successfully.
2024-07-11 15:00:36,272 - INFO - Values sent to FPGA successfully.
2024-07-11 15:00:40,901 - INFO - Values sent to FPGA successfully.
2024-07-11 15:02:14,978 - INFO - Values sent to FPGA successfully.
2024-07-11 15:08:04,481 - WARNING - Invalid input: Frequency must be positive.
2024-07-11 15:08:09,884 - WARNING - Invalid input: Frequency must be positive.
2024-07-11 15:08:26,475 - WARNING - Invalid input: Frequency must be positive.
2024-07-11 15:09:17,192 - ERROR - Unexpected error: float division by zero
2024-07-11 15:17:13,899 - INFO - Values sent to FPGA successfully.
2024-07-11 15:18:00,341 - INFO - Values sent to FPGA successfully.
2024-07-11 15:18:11,834 - INFO - Values sent to FPGA successfully.
2024-07-11 15:18:59,742 - INFO - Values sent to FPGA successfully.
2024-07-11 15:19:17,378 - INFO - Values sent to FPGA successfully.
2024-07-11 15:19:24,703 - INFO - Values sent to FPGA successfully.
2024-07-11 15:19:34,069 - INFO - Values sent to FPGA successfully.
